<?xml version="1.0" encoding="UTF-8"?>
<!-- Generated by org.testng.reporters.JUnitReportReporter -->
<testsuite hostname="DESKTOP-83QCFHP" failures="0" tests="1" name="PraaticeCRUDwithBDD.UpdateResource" time="3.107" errors="0" timestamp="2022-02-10T12:38:42 IST" skipped="0">
  <testcase classname="PraaticeCRUDwithBDD.UpdateResource" name="updateResouce" time="3.107"/>
  <system-out/>
</testsuite> <!-- PraaticeCRUDwithBDD.UpdateResource -->
