<?xml version="1.0" encoding="UTF-8"?>
<!-- Generated by org.testng.reporters.JUnitReportReporter -->
<testsuite hostname="DESKTOP-83QCFHP" failures="0" tests="1" name="ResponseVerification.StaticResponseValidation" time="3.990" errors="0" timestamp="2022-02-10T16:00:45 IST" skipped="0">
  <testcase classname="ResponseVerification.StaticResponseValidation" name="verify" time="3.990"/>
  <system-out/>
</testsuite> <!-- ResponseVerification.StaticResponseValidation -->
