<?xml version="1.0" encoding="UTF-8"?>
<!-- Generated by org.testng.reporters.JUnitReportReporter -->
<testsuite hostname="DESKTOP-83QCFHP" failures="0" tests="1" name="WaysToPostRequest.CreateResourceUsingJSONobject" time="2.437" errors="0" timestamp="2022-02-10T13:29:25 IST" skipped="0">
  <testcase classname="WaysToPostRequest.CreateResourceUsingJSONobject" name="createResource" time="2.437"/>
  <system-out/>
</testsuite> <!-- WaysToPostRequest.CreateResourceUsingJSONobject -->
