<?xml version="1.0" encoding="UTF-8"?>
<!-- Generated by org.testng.reporters.JUnitReportReporter -->
<testsuite hostname="DESKTOP-83QCFHP" failures="0" tests="1" name="Parameters.PathAndQueryParameter" time="4.147" errors="0" timestamp="2022-02-11T12:43:26 IST" skipped="0">
  <testcase classname="Parameters.PathAndQueryParameter" name="pathAndQueryParam" time="4.147"/>
  <system-out/>
</testsuite> <!-- Parameters.PathAndQueryParameter -->
