<?xml version="1.0" encoding="UTF-8"?>
<!-- Generated by org.testng.reporters.JUnitReportReporter -->
<testsuite hostname="DESKTOP-83QCFHP" failures="0" tests="1" name="WaysToPostRequest.CreateResourceUsingHashMap" time="2.519" errors="0" timestamp="2022-02-10T13:37:34 IST" skipped="0">
  <testcase classname="WaysToPostRequest.CreateResourceUsingHashMap" name="createResourceUSingHashMap" time="2.519"/>
  <system-out/>
</testsuite> <!-- WaysToPostRequest.CreateResourceUsingHashMap -->
