<?xml version="1.0" encoding="UTF-8"?>
<!-- Generated by org.testng.reporters.JUnitReportReporter -->
<testsuite hostname="DESKTOP-83QCFHP" failures="0" tests="1" name="ResponseVerification.VerifyResponseUsingHamcrest" time="2.529" errors="0" timestamp="2022-02-10T16:19:21 IST" skipped="0">
  <testcase classname="ResponseVerification.VerifyResponseUsingHamcrest" name="verify" time="2.529"/>
  <system-out/>
</testsuite> <!-- ResponseVerification.VerifyResponseUsingHamcrest -->
