<?xml version="1.0" encoding="UTF-8"?>
<!-- Generated by org.testng.reporters.JUnitReportReporter -->
<testsuite hostname="DESKTOP-83QCFHP" failures="0" tests="1" name="Parameters.QueryParameter" time="3.466" errors="0" timestamp="2022-02-11T12:33:59 IST" skipped="0">
  <testcase classname="Parameters.QueryParameter" name="queryParam" time="3.466"/>
  <system-out/>
</testsuite> <!-- Parameters.QueryParameter -->
