<?xml version="1.0" encoding="UTF-8"?>
<!-- Generated by org.testng.reporters.JUnitReportReporter -->
<testsuite hostname="DESKTOP-83QCFHP" failures="0" tests="1" name="Authentications.BasicAuthTest" time="2.906" errors="0" timestamp="2022-02-11T15:52:27 IST" skipped="0">
  <testcase classname="Authentications.BasicAuthTest" name="basicAuth" time="2.906"/>
  <system-out/>
</testsuite> <!-- Authentications.BasicAuthTest -->
