<?xml version="1.0" encoding="UTF-8"?>
<!-- Generated by org.testng.reporters.JUnitReportReporter -->
<testsuite hostname="DESKTOP-83QCFHP" failures="0" tests="1" name="Authentications.OAuth2" time="4.719" errors="0" timestamp="2022-02-11T16:48:16 IST" skipped="0">
  <testcase classname="Authentications.OAuth2" name="oauth" time="4.719"/>
  <system-out/>
</testsuite> <!-- Authentications.OAuth2 -->
