<?xml version="1.0" encoding="UTF-8"?>
<!-- Generated by org.testng.reporters.JUnitReportReporter -->
<testsuite hostname="DESKTOP-83QCFHP" failures="0" tests="1" name="Authentications.BearerTokenAuth" time="4.250" errors="0" timestamp="2022-02-11T16:17:23 IST" skipped="0">
  <testcase classname="Authentications.BearerTokenAuth" name="bearerToken" time="4.250"/>
  <system-out/>
</testsuite> <!-- Authentications.BearerTokenAuth -->
