<?xml version="1.0" encoding="UTF-8"?>
<!-- Generated by org.testng.reporters.JUnitReportReporter -->
<testsuite hostname="DESKTOP-83QCFHP" failures="0" tests="1" name="Parameters.RequestChaining" time="3.754" errors="0" timestamp="2022-02-11T12:55:46 IST" skipped="0">
  <testcase classname="Parameters.RequestChaining" name="requestChaining" time="3.754"/>
  <system-out/>
</testsuite> <!-- Parameters.RequestChaining -->
