<?xml version="1.0" encoding="UTF-8"?>
<!-- Generated by org.testng.reporters.JUnitReportReporter -->
<testsuite hostname="DESKTOP-83QCFHP" failures="0" tests="1" name="WaysToPostRequest.CreateResourceUsingJSONfile" time="3.284" errors="0" timestamp="2022-02-10T14:44:40 IST" skipped="0">
  <testcase classname="WaysToPostRequest.CreateResourceUsingJSONfile" name="createResourceUsingJSONfile" time="3.284"/>
  <system-out/>
</testsuite> <!-- WaysToPostRequest.CreateResourceUsingJSONfile -->
