<?xml version="1.0" encoding="UTF-8"?>
<!-- Generated by org.testng.reporters.JUnitReportReporter -->
<testsuite hostname="DESKTOP-83QCFHP" failures="0" tests="1" name="PraaticeCRUDwithBDD.GetAllResources" time="2.759" errors="0" timestamp="2022-02-11T13:28:21 IST" skipped="0">
  <testcase classname="PraaticeCRUDwithBDD.GetAllResources" name="getResources" time="2.759"/>
  <system-out/>
</testsuite> <!-- PraaticeCRUDwithBDD.GetAllResources -->
