<?xml version="1.0" encoding="UTF-8"?>
<!-- Generated by org.testng.reporters.JUnitReportReporter -->
<testsuite hostname="DESKTOP-83QCFHP" failures="0" tests="1" name="GenericUtilityImplementation.createResourceAndVerify" time="2.950" errors="0" timestamp="2022-02-12T16:08:22 IST" skipped="0">
  <testcase classname="GenericUtilityImplementation.createResourceAndVerify" name="createResourceAndVerify" time="2.950"/>
  <system-out>
    <![CDATA[TY_PROJ_603
data verified]]>
  </system-out>
</testsuite> <!-- GenericUtilityImplementation.createResourceAndVerify -->
