<?xml version="1.0" encoding="UTF-8"?>
<!-- Generated by org.testng.reporters.JUnitReportReporter -->
<testsuite hostname="DESKTOP-83QCFHP" failures="0" tests="2" name="Authentications.PremptiveAndDigestiveAuth" time="2.912" errors="0" timestamp="2022-02-11T16:22:23 IST" skipped="0">
  <testcase classname="Authentications.PremptiveAndDigestiveAuth" name="premptiveAuth" time="0.207"/>
  <system-out/>
  <testcase classname="Authentications.PremptiveAndDigestiveAuth" name="digestiveAuth" time="2.705"/>
  <system-out/>
</testsuite> <!-- Authentications.PremptiveAndDigestiveAuth -->
