<?xml version="1.0" encoding="UTF-8"?>
<!-- Generated by org.testng.reporters.JUnitReportReporter -->
<testsuite hostname="DESKTOP-83QCFHP" failures="0" tests="1" name="GenericUtilityImplementation.CreateResourceAndVerifyProjectname" time="3.145" errors="0" timestamp="2022-02-12T16:20:32 IST" skipped="0">
  <testcase classname="GenericUtilityImplementation.CreateResourceAndVerifyProjectname" name="VerifyProjectname" time="3.145"/>
  <system-out>
    <![CDATA[Flipkart374
data verified]]>
  </system-out>
</testsuite> <!-- GenericUtilityImplementation.CreateResourceAndVerifyProjectname -->
