<?xml version="1.0" encoding="UTF-8"?>
<!-- Generated by org.testng.reporters.JUnitReportReporter -->
<testsuite hostname="DESKTOP-83QCFHP" failures="0" tests="1" name="PracticeCRUDwithoutBDD.GetSingleProject" time="2.496" errors="0" timestamp="2022-02-09T23:11:07 IST" skipped="0">
  <testcase classname="PracticeCRUDwithoutBDD.GetSingleProject" name="getSingleProject" time="2.496"/>
  <system-out/>
</testsuite> <!-- PracticeCRUDwithoutBDD.GetSingleProject -->
