<?xml version="1.0" encoding="UTF-8"?>
<!-- Generated by org.testng.reporters.JUnitReportReporter -->
<testsuite hostname="DESKTOP-83QCFHP" failures="0" tests="1" name="ResponseVerification.DynamicResponseValidation" time="3.607" errors="0" timestamp="2022-02-10T16:11:04 IST" skipped="0">
  <testcase classname="ResponseVerification.DynamicResponseValidation" name="verify" time="3.607"/>
  <system-out/>
</testsuite> <!-- ResponseVerification.DynamicResponseValidation -->
