<?xml version="1.0" encoding="UTF-8"?>
<!-- Generated by org.testng.reporters.JUnitReportReporter -->
<testsuite hostname="DESKTOP-83QCFHP" failures="0" tests="1" name="PracticeCRUDwithoutBDD.UpdateProject" time="3.391" errors="0" timestamp="2022-02-09T23:16:31 IST" skipped="0">
  <testcase classname="PracticeCRUDwithoutBDD.UpdateProject" name="updateProject" time="3.391"/>
  <system-out/>
</testsuite> <!-- PracticeCRUDwithoutBDD.UpdateProject -->
