<?xml version="1.0" encoding="UTF-8"?>
<!-- Generated by org.testng.reporters.JUnitReportReporter -->
<testsuite hostname="DESKTOP-83QCFHP" failures="0" tests="2" name="ResponseVerification.UsingDataProvider" time="3.781" errors="0" timestamp="2022-02-10T16:42:32 IST" skipped="0">
  <testcase classname="ResponseVerification.UsingDataProvider" name="create" time="0.439"/>
  <system-out/>
  <testcase classname="ResponseVerification.UsingDataProvider" name="create" time="3.342"/>
  <system-out/>
</testsuite> <!-- ResponseVerification.UsingDataProvider -->
