<?xml version="1.0" encoding="UTF-8"?>
<!-- Generated by org.testng.reporters.JUnitReportReporter -->
<testsuite hostname="DESKTOP-83QCFHP" failures="0" tests="1" name="PraaticeCRUDwithBDD.DeleteResource" time="2.613" errors="0" timestamp="2022-02-10T12:39:14 IST" skipped="0">
  <testcase classname="PraaticeCRUDwithBDD.DeleteResource" name="deleteResource" time="2.613"/>
  <system-out/>
</testsuite> <!-- PraaticeCRUDwithBDD.DeleteResource -->
