<?xml version="1.0" encoding="UTF-8"?>
<!-- Generated by org.testng.reporters.JUnitReportReporter -->
<testsuite hostname="DESKTOP-83QCFHP" failures="0" tests="1" name="PraaticeCRUDwithBDD.CreateResource" time="3.269" errors="0" timestamp="2022-02-12T16:19:48 IST" skipped="0">
  <testcase classname="PraaticeCRUDwithBDD.CreateResource" name="createResouce" time="3.269"/>
  <system-out/>
</testsuite> <!-- PraaticeCRUDwithBDD.CreateResource -->
