<?xml version="1.0" encoding="UTF-8"?>
<!-- Generated by org.testng.reporters.JUnitReportReporter -->
<testsuite hostname="DESKTOP-83QCFHP" failures="0" tests="1" name="PracticeCRUDwithoutBDD.GetAllProjects" time="2.546" errors="0" timestamp="2022-02-09T23:03:56 IST" skipped="0">
  <testcase classname="PracticeCRUDwithoutBDD.GetAllProjects" name="getAllProjects" time="2.546"/>
  <system-out/>
</testsuite> <!-- PracticeCRUDwithoutBDD.GetAllProjects -->
