<?xml version="1.0" encoding="UTF-8"?>
<!-- Generated by org.testng.reporters.JUnitReportReporter -->
<testsuite hostname="DESKTOP-83QCFHP" failures="0" tests="1" name="Parameters.PathParameters" time="2.510" errors="0" timestamp="2022-02-11T12:26:54 IST" skipped="0">
  <testcase classname="Parameters.PathParameters" name="pathParam" time="2.510"/>
  <system-out/>
</testsuite> <!-- Parameters.PathParameters -->
