<?xml version="1.0" encoding="UTF-8"?>
<!-- Generated by org.testng.reporters.JUnitReportReporter -->
<testsuite hostname="DESKTOP-83QCFHP" failures="0" tests="1" name="WaysToPostRequest.CreateResourceUsingPOJOclass" time="3.314" errors="0" timestamp="2022-02-10T15:05:48 IST" skipped="0">
  <testcase classname="WaysToPostRequest.CreateResourceUsingPOJOclass" name="createResourceUsingPOJO" time="3.314"/>
  <system-out/>
</testsuite> <!-- WaysToPostRequest.CreateResourceUsingPOJOclass -->
