<?xml version="1.0" encoding="UTF-8"?>
<!-- Generated by org.testng.reporters.JUnitReportReporter -->
<testsuite hostname="DESKTOP-83QCFHP" failures="0" tests="1" name="PracticeCRUDwithoutBDD.DeleteProject" time="2.543" errors="0" timestamp="2022-02-09T23:21:14 IST" skipped="0">
  <testcase classname="PracticeCRUDwithoutBDD.DeleteProject" name="deleteProject" time="2.543"/>
  <system-out/>
</testsuite> <!-- PracticeCRUDwithoutBDD.DeleteProject -->
